TN:
SF:src/CIEDE2000.ts
FN:20,ciede2000
FNF:1
FNH:1
FNDA:30,ciede2000
DA:1,1
DA:2,1
DA:3,1
DA:4,1
DA:5,1
DA:6,1
DA:7,1
DA:8,1
DA:9,1
DA:10,1
DA:11,1
DA:12,1
DA:13,1
DA:14,1
DA:15,1
DA:16,1
DA:17,1
DA:18,1
DA:19,1
DA:20,1
DA:21,30
DA:22,30
DA:23,30
DA:24,30
DA:25,30
DA:26,30
DA:27,30
DA:28,30
DA:29,30
DA:30,30
DA:31,30
DA:32,30
DA:33,30
DA:34,30
DA:35,30
DA:36,30
DA:37,30
DA:38,30
DA:39,30
DA:40,30
DA:41,30
DA:42,30
DA:43,30
DA:44,30
DA:45,30
DA:46,30
DA:47,30
DA:48,30
DA:49,30
DA:50,30
DA:51,30
DA:52,30
DA:53,30
DA:54,30
DA:55,30
DA:56,30
DA:57,30
DA:58,30
DA:59,30
DA:60,30
DA:61,30
DA:62,30
DA:63,30
DA:64,30
DA:65,30
DA:66,30
DA:67,30
DA:68,30
DA:69,30
DA:70,30
DA:71,30
DA:72,30
DA:73,30
DA:74,30
DA:75,30
DA:76,30
DA:77,30
DA:78,30
DA:79,30
DA:80,30
DA:81,30
DA:82,30
DA:83,30
DA:84,30
DA:85,30
DA:86,30
DA:87,30
DA:88,30
DA:89,30
DA:90,30
DA:91,30
DA:92,30
DA:93,30
DA:94,30
DA:95,30
DA:96,30
DA:97,30
DA:98,30
DA:99,30
DA:100,30
DA:101,30
DA:102,30
DA:103,30
DA:104,30
DA:105,30
DA:106,30
DA:107,30
DA:108,30
DA:109,30
DA:110,30
DA:111,30
DA:112,30
DA:113,30
DA:114,30
DA:115,30
DA:116,30
DA:117,30
DA:118,30
DA:119,30
DA:120,30
DA:121,30
DA:122,30
DA:123,30
DA:124,30
DA:125,30
DA:126,30
DA:127,30
DA:128,30
DA:129,30
DA:130,30
DA:131,30
DA:132,30
DA:133,30
DA:134,30
DA:135,30
DA:136,30
DA:137,30
DA:138,30
DA:139,30
DA:140,30
DA:141,30
LF:141
LH:141
BRDA:20,0,0,30
BRF:1
BRH:1
end_of_record
TN:
SF:src/RGBdistance.ts
FN:17,RGBdistance
FNF:1
FNH:1
FNDA:25,RGBdistance
DA:1,1
DA:2,1
DA:3,1
DA:4,1
DA:5,1
DA:6,1
DA:7,1
DA:8,1
DA:9,1
DA:10,1
DA:11,1
DA:12,1
DA:13,1
DA:14,1
DA:15,1
DA:16,1
DA:17,1
DA:18,25
DA:19,25
DA:20,25
DA:21,25
DA:22,25
LF:22
LH:22
BRDA:17,0,0,25
BRF:1
BRH:1
end_of_record
TN:
SF:src/assertions.ts
FN:26,isCSSRGBColour
FN:36,isHexColour
FN:51,isNamedCSSColour
FNF:3
FNH:3
FNDA:31,isCSSRGBColour
FNDA:29,isHexColour
FNDA:26,isNamedCSSColour
DA:1,1
DA:2,1
DA:3,1
DA:4,1
DA:5,1
DA:6,1
DA:7,1
DA:8,1
DA:9,1
DA:10,1
DA:11,1
DA:12,1
DA:13,1
DA:14,1
DA:15,1
DA:16,1
DA:17,1
DA:18,1
DA:19,1
DA:20,1
DA:21,1
DA:22,1
DA:23,1
DA:24,1
DA:25,1
DA:26,1
DA:27,31
DA:28,31
DA:29,1
DA:30,1
DA:31,1
DA:32,1
DA:33,1
DA:34,1
DA:35,1
DA:36,1
DA:37,29
DA:38,29
DA:39,25
DA:40,24
DA:41,23
DA:42,29
DA:43,29
DA:44,1
DA:45,1
DA:46,1
DA:47,1
DA:48,1
DA:49,1
DA:50,1
DA:51,1
DA:52,26
DA:53,26
DA:54,26
DA:55,26
LF:55
LH:55
BRDA:26,0,0,31
BRDA:36,1,0,29
BRDA:38,2,0,25
BRDA:39,3,0,24
BRDA:40,4,0,23
BRDA:51,5,0,26
BRF:6
BRH:6
end_of_record
TN:
SF:src/convertCSSRGBtoHex.ts
FN:16,convertCSSRGBtoHex
FNF:1
FNH:1
FNDA:8,convertCSSRGBtoHex
DA:1,1
DA:2,1
DA:3,1
DA:4,1
DA:5,1
DA:6,1
DA:7,1
DA:8,1
DA:9,1
DA:10,1
DA:11,1
DA:12,1
DA:13,1
DA:14,1
DA:15,1
DA:16,1
DA:17,8
DA:18,8
DA:19,8
LF:19
LH:19
BRDA:16,0,0,8
BRF:1
BRH:1
end_of_record
TN:
SF:src/convertCSSRGBtoRGB.ts
FN:15,convertCSSRGBtoRGB
FN:22,rgbNumber
FNF:2
FNH:2
FNDA:33,convertCSSRGBtoRGB
FNDA:128,rgbNumber
DA:1,1
DA:2,1
DA:3,1
DA:4,1
DA:5,1
DA:6,1
DA:7,1
DA:8,1
DA:9,1
DA:10,1
DA:11,1
DA:12,1
DA:13,1
DA:14,1
DA:15,1
DA:16,33
DA:17,33
DA:18,1
DA:19,1
DA:20,1
DA:21,1
DA:22,32
DA:23,128
DA:24,32
DA:25,32
DA:26,32
DA:27,32
DA:28,32
DA:29,32
DA:30,32
LF:30
LH:30
BRDA:15,0,0,33
BRDA:17,1,0,1
BRDA:21,2,0,32
BRDA:22,3,0,128
BRDA:23,4,0,99
BRDA:23,5,0,29
BRF:6
BRH:6
end_of_record
TN:
SF:src/convertHextoNamedCSSColour.ts
FN:10,convertHextoNamedCSSColour
FNF:1
FNH:1
FNDA:5,convertHextoNamedCSSColour
DA:1,1
DA:2,1
DA:3,1
DA:4,1
DA:5,1
DA:6,1
DA:7,1
DA:8,1
DA:9,1
DA:10,1
DA:11,5
DA:12,5
DA:13,5
DA:14,443
DA:15,4
DA:16,4
DA:17,443
DA:18,1
DA:19,1
LF:19
LH:19
BRDA:10,0,0,5
BRDA:13,1,0,443
BRDA:14,2,0,4
BRDA:17,3,0,1
BRF:4
BRH:4
end_of_record
TN:
SF:src/convertHextoRGB.ts
FN:20,convertHextoRGB
FNF:1
FNH:1
FNDA:45,convertHextoRGB
DA:1,1
DA:2,1
DA:3,1
DA:4,1
DA:5,1
DA:6,1
DA:7,1
DA:8,1
DA:9,1
DA:10,1
DA:11,1
DA:12,1
DA:13,1
DA:14,1
DA:15,1
DA:16,1
DA:17,1
DA:18,1
DA:19,1
DA:20,1
DA:21,45
DA:22,1
DA:23,1
DA:24,44
DA:25,45
DA:26,32
DA:27,32
DA:28,32
DA:29,32
DA:30,32
DA:31,32
DA:32,12
DA:33,14
DA:34,7
DA:35,7
DA:36,7
DA:37,7
DA:38,7
DA:39,7
DA:40,5
DA:41,9
DA:42,2
DA:43,2
DA:44,2
DA:45,2
DA:46,2
DA:47,2
DA:48,2
DA:49,3
DA:50,7
DA:51,2
DA:52,2
DA:53,2
DA:54,2
DA:55,2
DA:56,2
DA:57,2
DA:58,1
DA:59,1
DA:60,1
DA:61,1
DA:62,1
LF:62
LH:62
BRDA:20,0,0,45
BRDA:21,1,0,1
BRDA:23,2,0,44
BRDA:25,3,0,38
BRDA:25,4,0,37
BRDA:25,5,0,32
BRDA:31,6,0,14
BRDA:31,7,0,12
BRDA:33,8,0,7
BRDA:39,9,0,9
BRDA:39,10,0,5
BRDA:41,11,0,7
BRDA:41,12,0,2
BRDA:48,13,0,3
BRDA:50,14,0,2
BRDA:57,15,0,1
BRF:16
BRH:16
end_of_record
TN:
SF:src/convertNamedCSSColourtoHex.ts
FN:12,convertNamedCSSColourtoHex
FNF:1
FNH:1
FNDA:22,convertNamedCSSColourtoHex
DA:1,1
DA:2,1
DA:3,1
DA:4,1
DA:5,1
DA:6,1
DA:7,1
DA:8,1
DA:9,1
DA:10,1
DA:11,1
DA:12,1
DA:13,22
DA:14,22
DA:15,22
DA:16,22
LF:16
LH:16
BRDA:12,0,0,22
BRF:1
BRH:1
end_of_record
TN:
SF:src/convertNamedCSSColourtoRGB.ts
FN:11,convertNamedCSSColourtoRGB
FNF:1
FNH:1
FNDA:14,convertNamedCSSColourtoRGB
DA:1,1
DA:2,1
DA:3,1
DA:4,1
DA:5,1
DA:6,1
DA:7,1
DA:8,1
DA:9,1
DA:10,1
DA:11,1
DA:12,14
DA:13,14
DA:14,14
DA:15,14
DA:16,2
DA:17,2
DA:18,12
DA:19,12
LF:19
LH:19
BRDA:11,0,0,14
BRDA:15,1,0,13
BRDA:15,2,0,2
BRDA:17,3,0,12
BRF:4
BRH:4
end_of_record
TN:
SF:src/convertRGBtoCSSRGB.ts
FN:9,convertRGBtoCSSRGB
FNF:1
FNH:1
FNDA:8,convertRGBtoCSSRGB
DA:1,1
DA:2,1
DA:3,1
DA:4,1
DA:5,1
DA:6,1
DA:7,1
DA:8,1
DA:9,1
DA:10,8
DA:11,8
LF:11
LH:11
BRDA:9,0,0,8
BRDA:10,1,0,1
BRDA:10,2,0,7
BRF:3
BRH:3
end_of_record
TN:
SF:src/convertRGBtoHex.ts
FN:14,convertRGBtoHex
FN:15,hex
FNF:2
FNH:2
FNDA:14,convertRGBtoHex
FNDA:46,hex
DA:1,1
DA:2,1
DA:3,1
DA:4,1
DA:5,1
DA:6,1
DA:7,1
DA:8,1
DA:9,1
DA:10,1
DA:11,1
DA:12,1
DA:13,1
DA:14,1
DA:15,14
DA:16,46
DA:17,46
DA:18,46
DA:19,14
DA:20,14
LF:20
LH:20
BRDA:14,0,0,14
BRDA:19,1,0,4
BRDA:19,2,0,10
BRDA:15,3,0,46
BRF:4
BRH:4
end_of_record
TN:
SF:src/convertRGBtoLab.ts
FN:11,convertRGBtoLab
FNF:1
FNH:1
FNDA:51,convertRGBtoLab
DA:1,1
DA:2,1
DA:3,1
DA:4,1
DA:5,1
DA:6,1
DA:7,1
DA:8,1
DA:9,1
DA:10,1
DA:11,1
DA:12,51
DA:13,51
DA:14,51
LF:14
LH:14
BRDA:11,0,0,51
BRF:1
BRH:1
end_of_record
TN:
SF:src/convertRGBtoNamedCSSColour.ts
FN:11,convertRGBtoNamedCSSColour
FNF:1
FNH:1
FNDA:3,convertRGBtoNamedCSSColour
DA:1,1
DA:2,1
DA:3,1
DA:4,1
DA:5,1
DA:6,1
DA:7,1
DA:8,1
DA:9,1
DA:10,1
DA:11,1
DA:12,3
DA:13,3
DA:14,3
DA:15,3
DA:16,3
LF:16
LH:16
BRDA:11,0,0,3
BRF:1
BRH:1
end_of_record
TN:
SF:src/convertRGBtoXYZ.ts
FN:10,convertRGBtoXYZ
FNF:1
FNH:1
FNDA:53,convertRGBtoXYZ
DA:1,1
DA:2,1
DA:3,1
DA:4,1
DA:5,1
DA:6,1
DA:7,1
DA:8,1
DA:9,1
DA:10,1
DA:11,53
DA:12,53
DA:13,53
DA:14,53
DA:15,53
DA:16,53
DA:17,53
DA:18,53
DA:19,53
DA:20,53
DA:21,53
DA:22,53
LF:22
LH:22
BRDA:10,0,0,53
BRF:1
BRH:1
end_of_record
TN:
SF:src/convertXYZtoLab.ts
FN:10,convertXYZtoLab
FNF:1
FNH:1
FNDA:53,convertXYZtoLab
DA:1,1
DA:2,1
DA:3,1
DA:4,1
DA:5,1
DA:6,1
DA:7,1
DA:8,1
DA:9,1
DA:10,1
DA:11,53
DA:12,53
DA:13,53
DA:14,53
DA:15,53
DA:16,53
DA:17,53
DA:18,53
DA:19,53
DA:20,53
DA:21,53
DA:22,53
DA:23,53
DA:24,53
DA:25,53
DA:26,53
DA:27,53
LF:27
LH:27
BRDA:10,0,0,53
BRF:1
BRH:1
end_of_record
TN:
SF:src/findNearestCSSRGBColour.ts
FN:14,findNearestCSSRGBColour
FNF:1
FNH:1
FNDA:5,findNearestCSSRGBColour
DA:1,1
DA:2,1
DA:3,1
DA:4,1
DA:5,1
DA:6,1
DA:7,1
DA:8,1
DA:9,1
DA:10,1
DA:11,1
DA:12,1
DA:13,1
DA:14,1
DA:15,5
DA:16,5
DA:17,5
DA:18,5
DA:19,2
DA:20,2
DA:21,3
DA:22,3
DA:23,6
DA:24,3
DA:25,3
DA:26,3
DA:27,3
DA:28,3
DA:29,3
DA:30,3
LF:30
LH:30
BRDA:14,0,0,5
BRDA:18,1,0,4
BRDA:18,2,0,2
BRDA:20,3,0,3
BRDA:22,4,0,6
BRF:5
BRH:5
end_of_record
TN:
SF:src/findNearestColour.ts
FN:18,findNearestColour
FNF:1
FNH:1
FNDA:10,findNearestColour
DA:1,1
DA:2,1
DA:3,1
DA:4,1
DA:5,1
DA:6,1
DA:7,1
DA:8,1
DA:9,1
DA:10,1
DA:11,1
DA:12,1
DA:13,1
DA:14,1
DA:15,1
DA:16,1
DA:17,1
DA:18,1
DA:19,10
DA:20,10
DA:21,10
DA:22,10
DA:23,2
DA:24,2
DA:25,8
DA:26,8
DA:27,8
DA:28,8
DA:29,8
DA:30,8
DA:31,10
DA:32,1
DA:33,1
DA:34,1
DA:35,8
DA:36,10
DA:37,3
DA:38,3
DA:39,3
DA:40,8
DA:41,8
DA:42,10
DA:43,3
DA:44,3
DA:45,3
DA:46,8
DA:47,10
DA:48,1
DA:49,1
DA:50,7
DA:51,10
DA:52,16
DA:53,3
DA:54,3
DA:55,16
DA:56,16
DA:57,7
DA:58,7
DA:59,16
DA:60,16
DA:61,16
DA:62,3
DA:63,3
DA:64,3
DA:65,16
DA:66,10
DA:67,1
DA:68,1
DA:69,6
DA:70,6
DA:71,6
DA:72,10
DA:73,1
DA:74,1
DA:75,5
DA:76,10
DA:77,3
DA:78,3
DA:79,2
DA:80,2
DA:81,2
DA:82,2
DA:83,0
DA:84,0
LF:84
LH:82
BRDA:18,0,0,10
BRDA:22,1,0,9
BRDA:22,2,0,2
BRDA:24,3,0,8
BRDA:31,4,0,1
BRDA:34,5,0,8
BRDA:36,6,0,3
BRDA:39,7,0,8
BRDA:42,8,0,3
BRDA:45,9,0,8
BRDA:47,10,0,1
BRDA:49,11,0,7
BRDA:51,12,0,16
BRDA:52,13,0,3
BRDA:56,14,0,7
BRDA:61,15,0,3
BRDA:65,16,0,7
BRDA:66,17,0,1
BRDA:68,18,0,6
BRDA:72,19,0,1
BRDA:74,20,0,5
BRDA:76,21,0,3
BRDA:78,22,0,2
BRDA:82,23,0,0
BRF:24
BRH:23
end_of_record
TN:
SF:src/findNearestHexColour.ts
FN:13,findNearestHexColour
FNF:1
FNH:1
FNDA:3,findNearestHexColour
DA:1,1
DA:2,1
DA:3,1
DA:4,1
DA:5,1
DA:6,1
DA:7,1
DA:8,1
DA:9,1
DA:10,1
DA:11,1
DA:12,1
DA:13,1
DA:14,3
DA:15,3
DA:16,3
DA:17,3
DA:18,2
DA:19,2
DA:20,1
DA:21,1
DA:22,2
DA:23,1
DA:24,1
DA:25,1
DA:26,1
DA:27,1
DA:28,1
DA:29,1
LF:29
LH:29
BRDA:13,0,0,3
BRDA:17,1,0,2
BRDA:17,2,0,2
BRDA:19,3,0,1
BRDA:21,4,0,2
BRF:5
BRH:5
end_of_record
TN:
SF:src/findNearestNamedCSSColour.ts
FN:6,findNearestNamedCSSColour
FNF:1
FNH:1
FNDA:4,findNearestNamedCSSColour
DA:1,1
DA:2,1
DA:3,1
DA:4,1
DA:5,1
DA:6,1
DA:7,4
DA:8,4
DA:9,4
DA:10,4
DA:11,2
DA:12,2
DA:13,2
DA:14,2
DA:15,4
DA:16,2
DA:17,2
DA:18,2
DA:19,2
DA:20,2
DA:21,2
DA:22,4
DA:23,1
DA:24,1
DA:25,1
DA:26,1
DA:27,1
DA:28,1
DA:29,1
DA:30,1
DA:31,1
LF:31
LH:31
BRDA:6,0,0,4
BRDA:10,1,0,3
BRDA:10,2,0,2
BRDA:22,3,0,1
BRDA:14,4,0,4
BRDA:19,5,0,4
BRF:6
BRH:6
end_of_record
TN:
SF:src/findNearestRGBColour.ts
FN:12,findNearestRGBColour
FNF:1
FNH:1
FNDA:14,findNearestRGBColour
DA:1,1
DA:2,1
DA:3,1
DA:4,1
DA:5,1
DA:6,1
DA:7,1
DA:8,1
DA:9,1
DA:10,1
DA:11,1
DA:12,1
DA:13,14
DA:14,14
DA:15,14
DA:16,14
DA:17,2
DA:18,2
DA:19,12
DA:20,14
DA:21,25
DA:22,25
DA:23,25
DA:24,12
DA:25,12
DA:26,12
DA:27,12
LF:27
LH:27
BRDA:12,0,0,14
BRDA:16,1,0,13
BRDA:16,2,0,2
BRDA:18,3,0,12
BRDA:20,4,0,25
BRDA:23,5,0,12
BRDA:24,6,0,15
BRF:7
BRH:7
end_of_record
TN:
SF:src/getSRGBLuminanceFromHex.ts
FN:16,getSRGBLuminanceFromHex
FNF:1
FNH:1
FNDA:20,getSRGBLuminanceFromHex
DA:1,1
DA:2,1
DA:3,1
DA:4,1
DA:5,1
DA:6,1
DA:7,1
DA:8,1
DA:9,1
DA:10,1
DA:11,1
DA:12,1
DA:13,1
DA:14,1
DA:15,1
DA:16,1
DA:17,20
DA:18,20
DA:19,20
LF:19
LH:19
BRDA:16,0,0,20
BRF:1
BRH:1
end_of_record
TN:
SF:src/getSRGBLuminanceFromRGB.ts
FN:15,getSRGBLuminanceFromRGB
FNF:1
FNH:1
FNDA:24,getSRGBLuminanceFromRGB
DA:1,1
DA:2,1
DA:3,1
DA:4,1
DA:5,1
DA:6,1
DA:7,1
DA:8,1
DA:9,1
DA:10,1
DA:11,1
DA:12,1
DA:13,1
DA:14,1
DA:15,1
DA:16,24
DA:17,24
DA:18,24
DA:19,24
DA:20,24
DA:21,24
DA:22,24
DA:23,24
DA:24,24
DA:25,24
LF:25
LH:25
BRDA:15,0,0,24
BRF:1
BRH:1
end_of_record
TN:
SF:src/index.ts
FN:1,(empty-report)
FNF:1
FNH:0
FNDA:0,(empty-report)
DA:1,0
DA:2,0
DA:3,0
DA:4,0
DA:5,0
DA:6,0
DA:7,0
DA:8,0
DA:9,0
DA:10,0
DA:11,0
DA:12,0
DA:13,0
DA:14,0
DA:15,0
DA:16,0
DA:17,0
DA:18,0
DA:19,0
DA:20,0
DA:21,0
DA:22,0
DA:23,0
DA:24,0
DA:25,0
DA:26,0
DA:27,0
LF:27
LH:0
BRDA:1,0,0,0
BRF:1
BRH:0
end_of_record
TN:
SF:src/isCSSNameDarkColour.ts
FN:11,isCSSNamedDarkColour
FNF:1
FNH:1
FNDA:6,isCSSNamedDarkColour
DA:1,1
DA:2,1
DA:3,1
DA:4,1
DA:5,1
DA:6,1
DA:7,1
DA:8,1
DA:9,1
DA:10,1
DA:11,1
DA:12,6
DA:13,6
DA:14,6
DA:15,6
DA:16,6
DA:17,4
DA:18,4
DA:19,2
DA:20,2
DA:21,2
DA:22,2
LF:22
LH:22
BRDA:11,0,0,6
BRDA:16,1,0,4
BRDA:18,2,0,2
BRF:3
BRH:3
end_of_record
TN:
SF:src/isCSSRGBDarkColour.ts
FN:5,isCSSRGBDarkColour
FNF:1
FNH:1
FNDA:4,isCSSRGBDarkColour
DA:1,1
DA:2,1
DA:3,1
DA:4,1
DA:5,1
DA:6,4
DA:7,4
DA:8,4
DA:9,4
DA:10,4
DA:11,4
DA:12,4
DA:13,4
DA:14,4
LF:14
LH:14
BRDA:5,0,0,4
BRF:1
BRH:1
end_of_record
TN:
SF:src/isDarkColour.ts
FN:15,isDarkColour
FNF:1
FNH:1
FNDA:7,isDarkColour
DA:1,1
DA:2,1
DA:3,1
DA:4,1
DA:5,1
DA:6,1
DA:7,1
DA:8,1
DA:9,1
DA:10,1
DA:11,1
DA:12,1
DA:13,1
DA:14,1
DA:15,1
DA:16,7
DA:17,7
DA:18,7
DA:19,7
DA:20,7
DA:21,2
DA:22,2
DA:23,7
DA:24,2
DA:25,2
DA:26,3
DA:27,7
DA:28,1
DA:29,1
DA:30,1
DA:31,1
DA:32,7
LF:32
LH:32
BRDA:15,0,0,7
BRDA:20,1,0,2
BRDA:22,2,0,5
BRDA:23,3,0,2
BRDA:25,4,0,3
BRDA:27,5,0,1
BRF:6
BRH:6
end_of_record
TN:
SF:src/isHexDarkColour.ts
FN:10,isHexDarkColour
FNF:1
FNH:1
FNDA:8,isHexDarkColour
DA:1,1
DA:2,1
DA:3,1
DA:4,1
DA:5,1
DA:6,1
DA:7,1
DA:8,1
DA:9,1
DA:10,1
DA:11,8
DA:12,8
DA:13,8
DA:14,8
DA:15,8
DA:16,8
DA:17,8
DA:18,8
DA:19,8
LF:19
LH:19
BRDA:10,0,0,8
BRF:1
BRH:1
end_of_record
TN:
SF:src/pickHexColourContrast.ts
FN:10,relativeContrast
FN:17,pickHexColourContrast
FNF:2
FNH:2
FNDA:6,relativeContrast
FNDA:3,pickHexColourContrast
DA:1,1
DA:2,1
DA:3,1
DA:4,1
DA:5,1
DA:6,1
DA:7,1
DA:8,1
DA:9,1
DA:10,1
DA:11,6
DA:12,3
DA:13,3
DA:14,3
DA:15,3
DA:16,1
DA:17,1
DA:18,3
DA:19,3
DA:20,3
DA:21,3
DA:22,3
DA:23,3
DA:24,3
DA:25,3
DA:26,3
DA:27,3
DA:28,3
DA:29,3
DA:30,3
DA:31,3
DA:32,3
DA:33,3
DA:34,3
DA:35,3
DA:36,3
DA:37,3
DA:38,1
DA:39,1
DA:40,2
DA:41,2
LF:41
LH:41
BRDA:10,0,0,6
BRDA:11,1,0,3
BRDA:17,2,0,3
BRDA:37,3,0,1
BRDA:39,4,0,2
BRF:5
BRH:5
end_of_record
TN:
SF:src/util/index.ts
FN:8,hue_d
FN:25,deltaHue_d
FN:46,meanHue_d
FN:67,toRadians
FN:73,bigSquare
FN:81,linearRGB
FN:99,constrainLab
FN:120,clamp
FNF:8
FNH:8
FNDA:63,hue_d
FNDA:34,deltaHue_d
FNDA:34,meanHue_d
FNDA:181,toRadians
FNDA:61,bigSquare
FNDA:231,linearRGB
FNDA:159,constrainLab
FNDA:46,clamp
DA:1,1
DA:2,1
DA:3,1
DA:4,1
DA:5,1
DA:6,1
DA:7,1
DA:8,1
DA:9,63
DA:10,63
DA:11,19
DA:12,19
DA:13,44
DA:14,44
DA:15,63
DA:16,14
DA:17,14
DA:18,30
DA:19,30
DA:20,1
DA:21,1
DA:22,1
DA:23,1
DA:24,1
DA:25,1
DA:26,34
DA:27,19
DA:28,19
DA:29,24
DA:30,6
DA:31,6
DA:32,11
DA:33,8
DA:34,8
DA:35,1
DA:36,1
DA:37,1
DA:38,0
DA:39,0
DA:40,0
DA:41,1
DA:42,1
DA:43,1
DA:44,1
DA:45,1
DA:46,1
DA:47,34
DA:48,19
DA:49,19
DA:50,24
DA:51,6
DA:52,6
DA:53,34
DA:54,8
DA:55,8
DA:56,34
DA:57,1
DA:58,1
DA:59,0
DA:60,0
DA:61,0
DA:62,1
DA:63,1
DA:64,1
DA:65,1
DA:66,1
DA:67,1
DA:68,1
DA:69,1
DA:70,1
DA:71,1
DA:72,1
DA:73,1
DA:74,61
DA:75,1
DA:76,1
DA:77,1
DA:78,1
DA:79,1
DA:80,1
DA:81,1
DA:82,231
DA:83,231
DA:84,231
DA:85,231
DA:86,231
DA:87,131
DA:88,192
DA:89,100
DA:90,100
DA:91,231
DA:92,231
DA:93,231
DA:94,1
DA:95,1
DA:96,1
DA:97,1
DA:98,1
DA:99,1
DA:100,159
DA:101,159
DA:102,159
DA:103,159
DA:104,159
DA:105,74
DA:106,120
DA:107,85
DA:108,85
DA:109,159
DA:110,159
DA:111,159
DA:112,1
DA:113,1
DA:114,1
DA:115,1
DA:116,1
DA:117,1
DA:118,1
DA:119,1
DA:120,1
DA:121,46
DA:122,46
LF:122
LH:116
BRDA:8,0,0,63
BRDA:10,1,0,21
BRDA:10,2,0,53
BRDA:10,3,0,19
BRDA:12,4,0,44
BRDA:15,5,0,59
BRDA:15,6,0,14
BRDA:17,7,0,30
BRDA:25,8,0,34
BRDA:26,9,0,19
BRDA:28,10,0,24
BRDA:28,11,0,15
BRDA:29,12,0,19
BRDA:29,13,0,6
BRDA:31,14,0,11
BRDA:31,15,0,9
BRDA:32,16,0,8
BRDA:34,17,0,6
BRDA:34,18,0,1
BRDA:37,19,0,0
BRDA:46,20,0,34
BRDA:47,21,0,19
BRDA:49,22,0,24
BRDA:49,23,0,15
BRDA:50,24,0,6
BRDA:52,25,0,9
BRDA:53,26,0,16
BRDA:53,27,0,8
BRDA:55,28,0,1
BRDA:56,29,0,4
BRDA:56,30,0,1
BRDA:58,31,0,0
BRDA:67,32,0,181
BRDA:73,33,0,61
BRDA:81,34,0,231
BRDA:83,35,0,63
BRDA:83,36,0,168
BRDA:86,37,0,192
BRDA:86,38,0,131
BRDA:88,39,0,100
BRDA:99,40,0,159
BRDA:104,41,0,120
BRDA:104,42,0,74
BRDA:106,43,0,85
BRDA:120,44,0,46
BRF:45
BRH:43
end_of_record
TN:
SF:src/util/namedCSSColours.ts
FNF:0
FNH:0
DA:1,1
DA:2,1
DA:3,1
DA:4,1
DA:5,1
DA:6,1
DA:7,1
DA:8,1
DA:9,1
DA:10,1
DA:11,1
DA:12,1
DA:13,1
DA:14,1
DA:15,1
DA:16,1
DA:17,1
DA:18,1
DA:19,1
DA:20,1
DA:21,1
DA:22,1
DA:23,1
DA:24,1
DA:25,1
DA:26,1
DA:27,1
DA:28,1
DA:29,1
DA:30,1
DA:31,1
DA:32,1
DA:33,1
DA:34,1
DA:35,1
DA:36,1
DA:37,1
DA:38,1
DA:39,1
DA:40,1
DA:41,1
DA:42,1
DA:43,1
DA:44,1
DA:45,1
DA:46,1
DA:47,1
DA:48,1
DA:49,1
DA:50,1
DA:51,1
DA:52,1
DA:53,1
DA:54,1
DA:55,1
DA:56,1
DA:57,1
DA:58,1
DA:59,1
DA:60,1
DA:61,1
DA:62,1
DA:63,1
DA:64,1
DA:65,1
DA:66,1
DA:67,1
DA:68,1
DA:69,1
DA:70,1
DA:71,1
DA:72,1
DA:73,1
DA:74,1
DA:75,1
DA:76,1
DA:77,1
DA:78,1
DA:79,1
DA:80,1
DA:81,1
DA:82,1
DA:83,1
DA:84,1
DA:85,1
DA:86,1
DA:87,1
DA:88,1
DA:89,1
DA:90,1
DA:91,1
DA:92,1
DA:93,1
DA:94,1
DA:95,1
DA:96,1
DA:97,1
DA:98,1
DA:99,1
DA:100,1
DA:101,1
DA:102,1
DA:103,1
DA:104,1
DA:105,1
DA:106,1
DA:107,1
DA:108,1
DA:109,1
DA:110,1
DA:111,1
DA:112,1
DA:113,1
DA:114,1
DA:115,1
DA:116,1
DA:117,1
DA:118,1
DA:119,1
DA:120,1
DA:121,1
DA:122,1
DA:123,1
DA:124,1
DA:125,1
DA:126,1
DA:127,1
DA:128,1
DA:129,1
DA:130,1
DA:131,1
DA:132,1
DA:133,1
DA:134,1
DA:135,1
DA:136,1
DA:137,1
DA:138,1
DA:139,1
DA:140,1
DA:141,1
DA:142,1
DA:143,1
DA:144,1
DA:145,1
DA:146,1
DA:147,1
DA:148,1
DA:149,1
DA:150,1
DA:151,1
DA:152,1
DA:153,1
DA:154,1
LF:154
LH:154
BRF:0
BRH:0
end_of_record
TN:
SF:src/util/regexers.ts
FNF:0
FNH:0
DA:1,1
DA:2,1
DA:3,1
DA:4,1
DA:5,1
DA:6,1
DA:7,1
DA:8,1
DA:9,1
DA:10,1
DA:11,1
DA:12,1
DA:13,1
DA:14,1
DA:15,1
DA:16,1
DA:17,1
DA:18,1
DA:19,1
DA:20,1
LF:20
LH:20
BRF:0
BRH:0
end_of_record
