TN:
SF:src/CIEDE2000.ts
FN:14,ciede2000
FNF:1
FNH:1
FNDA:5,ciede2000
DA:1,1
DA:2,1
DA:3,1
DA:4,1
DA:5,1
DA:6,1
DA:7,1
DA:8,1
DA:9,1
DA:10,1
DA:11,1
DA:12,1
DA:13,1
DA:14,1
DA:15,5
DA:16,5
DA:17,5
DA:18,5
DA:19,5
DA:20,5
DA:21,5
DA:22,5
DA:23,5
DA:24,5
DA:25,5
DA:26,5
DA:27,5
DA:28,5
DA:29,5
DA:30,5
DA:31,5
DA:32,5
DA:33,5
DA:34,5
DA:35,5
DA:36,5
DA:37,5
DA:38,5
DA:39,5
DA:40,5
DA:41,5
DA:42,5
DA:43,5
DA:44,5
DA:45,5
DA:46,5
DA:47,5
DA:48,5
DA:49,5
DA:50,5
DA:51,5
DA:52,5
DA:53,5
DA:54,5
DA:55,5
DA:56,5
DA:57,5
DA:58,5
DA:59,5
DA:60,5
DA:61,5
DA:62,5
DA:63,5
DA:64,5
DA:65,5
DA:66,5
DA:67,5
DA:68,5
DA:69,5
DA:70,5
DA:71,5
DA:72,5
DA:73,5
DA:74,5
DA:75,5
DA:76,5
DA:77,5
DA:78,5
DA:79,5
DA:80,5
DA:81,5
DA:82,5
DA:83,5
DA:84,5
DA:85,5
DA:86,5
DA:87,5
DA:88,5
DA:89,5
DA:90,5
DA:91,5
DA:92,5
DA:93,5
DA:94,5
DA:95,5
DA:96,5
DA:97,5
DA:98,5
DA:99,5
DA:100,5
DA:101,5
DA:102,5
DA:103,5
DA:104,5
DA:105,5
DA:106,5
DA:107,5
DA:108,5
DA:109,5
DA:110,5
DA:111,5
DA:112,5
DA:113,5
DA:114,5
DA:115,5
DA:116,5
DA:117,5
DA:118,5
DA:119,5
DA:120,5
DA:121,5
DA:122,5
DA:123,5
DA:124,5
DA:125,5
DA:126,5
DA:127,5
DA:128,5
DA:129,5
DA:130,5
DA:131,5
DA:132,5
DA:133,5
DA:134,1
DA:135,1
DA:136,1
LF:136
LH:136
BRDA:14,0,0,5
BRF:1
BRH:1
end_of_record
TN:
SF:src/assertions.ts
FN:9,isCSSRGBColour
FN:12,isHexColour
FNF:2
FNH:2
FNDA:2,isCSSRGBColour
FNDA:5,isHexColour
DA:1,1
DA:2,1
DA:3,1
DA:4,1
DA:5,1
DA:6,1
DA:7,1
DA:8,1
DA:9,1
DA:10,1
DA:11,1
DA:12,1
DA:13,5
DA:14,5
DA:15,5
DA:16,1
LF:16
LH:16
BRDA:9,0,0,2
BRDA:12,1,0,5
BRDA:13,2,0,4
BRDA:14,3,0,3
BRDA:15,4,0,2
BRF:5
BRH:5
end_of_record
TN:
SF:src/convertCSSRGBtoHex.ts
FN:16,convertCSSRGBtoHex
FNF:1
FNH:1
FNDA:8,convertCSSRGBtoHex
DA:1,1
DA:2,1
DA:3,1
DA:4,1
DA:5,1
DA:6,1
DA:7,1
DA:8,1
DA:9,1
DA:10,1
DA:11,1
DA:12,1
DA:13,1
DA:14,1
DA:15,1
DA:16,1
DA:17,8
DA:18,1
DA:19,1
LF:19
LH:19
BRDA:16,0,0,8
BRF:1
BRH:1
end_of_record
TN:
SF:src/convertCSSRGBtoRGB.ts
FN:15,convertCSSRGBtoRGB
FN:18,i
FNF:2
FNH:2
FNDA:13,convertCSSRGBtoRGB
FNDA:36,i
DA:1,1
DA:2,1
DA:3,1
DA:4,1
DA:5,1
DA:6,1
DA:7,1
DA:8,1
DA:9,1
DA:10,1
DA:11,1
DA:12,1
DA:13,1
DA:14,1
DA:15,1
DA:16,13
DA:17,13
DA:18,13
DA:19,12
DA:20,12
DA:21,12
DA:22,12
DA:23,12
DA:24,12
DA:25,1
DA:26,1
LF:26
LH:26
BRDA:15,0,0,13
BRDA:17,1,0,1
BRDA:18,2,0,12
BRDA:19,3,0,9
BRDA:18,4,0,36
BRF:5
BRH:5
end_of_record
TN:
SF:src/convertHextoRGB.ts
FN:15,convertHextoRGB
FNF:1
FNH:1
FNDA:26,convertHextoRGB
DA:1,1
DA:2,1
DA:3,1
DA:4,1
DA:5,1
DA:6,1
DA:7,1
DA:8,1
DA:9,1
DA:10,1
DA:11,1
DA:12,1
DA:13,1
DA:14,1
DA:15,1
DA:16,26
DA:17,26
DA:18,26
DA:19,26
DA:20,26
DA:21,25
DA:22,15
DA:23,15
DA:24,15
DA:25,25
DA:26,25
DA:27,25
DA:28,25
DA:29,12
DA:30,5
DA:31,5
DA:32,5
DA:33,26
DA:34,26
DA:35,26
DA:36,26
DA:37,9
DA:38,2
DA:39,2
DA:40,2
DA:41,2
DA:42,7
DA:43,7
DA:44,7
DA:45,7
DA:46,7
DA:47,2
DA:48,2
DA:49,2
DA:50,2
DA:51,9
DA:52,9
DA:53,9
DA:54,9
DA:55,1
DA:56,1
DA:57,1
LF:57
LH:57
BRDA:15,0,0,26
BRDA:17,1,0,1
BRDA:20,2,0,25
BRDA:21,3,0,15
BRDA:28,4,0,12
BRDA:28,5,0,10
BRDA:29,6,0,5
BRDA:36,7,0,9
BRDA:36,8,0,5
BRDA:37,9,0,7
BRDA:37,10,0,2
BRDA:45,11,0,3
BRDA:46,12,0,2
BRDA:54,13,0,1
BRF:14
BRH:14
end_of_record
TN:
SF:src/convertNamedCSSColourtoHex.ts
FN:12,convertNamedCSSColourtoHex
FNF:1
FNH:1
FNDA:8,convertNamedCSSColourtoHex
DA:1,1
DA:2,1
DA:3,1
DA:4,1
DA:5,1
DA:6,1
DA:7,1
DA:8,1
DA:9,1
DA:10,1
DA:11,1
DA:12,1
DA:13,1
DA:14,1
LF:14
LH:14
BRDA:12,0,0,8
BRF:1
BRH:1
end_of_record
TN:
SF:src/convertRGBtoHex.ts
FN:14,convertRGBtoHex
FN:15,u
FNF:2
FNH:2
FNDA:9,convertRGBtoHex
FNDA:31,u
DA:1,1
DA:2,1
DA:3,1
DA:4,1
DA:5,1
DA:6,1
DA:7,1
DA:8,1
DA:9,1
DA:10,1
DA:11,1
DA:12,1
DA:13,1
DA:14,1
DA:15,9
DA:16,31
DA:17,9
DA:18,9
DA:19,1
DA:20,1
LF:20
LH:20
BRDA:14,0,0,9
BRDA:19,1,0,8
BRDA:19,2,0,4
BRDA:19,3,0,5
BRDA:15,4,0,31
BRF:5
BRH:5
end_of_record
TN:
SF:src/convertRGBtoLab.ts
FN:11,convertRGBtoLab
FNF:1
FNH:1
FNDA:1,convertRGBtoLab
DA:1,1
DA:2,1
DA:3,1
DA:4,1
DA:5,1
DA:6,1
DA:7,1
DA:8,1
DA:9,1
DA:10,1
DA:11,1
DA:12,1
DA:13,1
DA:14,1
LF:14
LH:14
BRDA:11,0,0,1
BRF:1
BRH:1
end_of_record
TN:
SF:src/convertRGBtoXYZ.ts
FN:10,convertRGBtoXYZ
FNF:1
FNH:1
FNDA:3,convertRGBtoXYZ
DA:1,1
DA:2,1
DA:3,1
DA:4,1
DA:5,1
DA:6,1
DA:7,1
DA:8,1
DA:9,1
DA:10,1
DA:11,3
DA:12,3
DA:13,3
DA:14,3
DA:15,3
DA:16,3
DA:17,3
DA:18,3
DA:19,3
DA:20,3
DA:21,1
DA:22,1
LF:22
LH:22
BRDA:10,0,0,3
BRF:1
BRH:1
end_of_record
TN:
SF:src/convertXYZtoLab.ts
FN:10,convertXYZtoLab
FNF:1
FNH:1
FNDA:3,convertXYZtoLab
DA:1,1
DA:2,1
DA:3,1
DA:4,1
DA:5,1
DA:6,1
DA:7,1
DA:8,1
DA:9,1
DA:10,1
DA:11,3
DA:12,3
DA:13,3
DA:14,3
DA:15,3
DA:16,3
DA:17,3
DA:18,3
DA:19,3
DA:20,3
DA:21,3
DA:22,3
DA:23,3
DA:24,3
DA:25,3
DA:26,1
DA:27,1
LF:27
LH:27
BRDA:10,0,0,3
BRF:1
BRH:1
end_of_record
TN:
SF:src/getSRGBLuminanceFromHex.ts
FN:16,getSRGBLuminanceFromHex
FNF:1
FNH:1
FNDA:20,getSRGBLuminanceFromHex
DA:1,1
DA:2,1
DA:3,1
DA:4,1
DA:5,1
DA:6,1
DA:7,1
DA:8,1
DA:9,1
DA:10,1
DA:11,1
DA:12,1
DA:13,1
DA:14,1
DA:15,1
DA:16,1
DA:17,20
DA:18,20
DA:19,1
DA:20,1
LF:20
LH:20
BRDA:16,0,0,20
BRF:1
BRH:1
end_of_record
TN:
SF:src/getSRGBLuminanceFromRGB.ts
FN:15,getSRGBLuminanceFromRGB
FNF:1
FNH:1
FNDA:24,getSRGBLuminanceFromRGB
DA:1,1
DA:2,1
DA:3,1
DA:4,1
DA:5,1
DA:6,1
DA:7,1
DA:8,1
DA:9,1
DA:10,1
DA:11,1
DA:12,1
DA:13,1
DA:14,1
DA:15,1
DA:16,24
DA:17,24
DA:18,24
DA:19,24
DA:20,24
DA:21,24
DA:22,24
DA:23,24
DA:24,1
DA:25,1
LF:25
LH:25
BRDA:15,0,0,24
BRF:1
BRH:1
end_of_record
TN:
SF:src/isCSSNameDarkColour.ts
FN:11,isCSSNamedDarkColour
FNF:1
FNH:1
FNDA:6,isCSSNamedDarkColour
DA:1,1
DA:2,1
DA:3,1
DA:4,1
DA:5,1
DA:6,1
DA:7,1
DA:8,1
DA:9,1
DA:10,1
DA:11,1
DA:12,6
DA:13,6
DA:14,6
DA:15,6
DA:16,6
DA:17,1
LF:17
LH:17
BRDA:11,0,0,6
BRDA:14,1,0,4
BRDA:16,2,0,2
BRF:3
BRH:3
end_of_record
TN:
SF:src/isCSSRGBDarkColour.ts
FN:5,isCSSRGBDarkColour
FNF:1
FNH:1
FNDA:4,isCSSRGBDarkColour
DA:1,1
DA:2,1
DA:3,1
DA:4,1
DA:5,1
DA:6,4
DA:7,4
DA:8,4
DA:9,4
DA:10,4
DA:11,4
DA:12,1
DA:13,1
DA:14,1
LF:14
LH:14
BRDA:5,0,0,4
BRF:1
BRH:1
end_of_record
TN:
SF:src/isDarkColour.ts
FN:15,isDarkColour
FNF:1
FNH:1
FNDA:7,isDarkColour
DA:1,1
DA:2,1
DA:3,1
DA:4,1
DA:5,1
DA:6,1
DA:7,1
DA:8,1
DA:9,1
DA:10,1
DA:11,1
DA:12,1
DA:13,1
DA:14,1
DA:15,1
DA:16,7
DA:17,7
DA:18,7
DA:19,7
DA:20,7
DA:21,7
DA:22,7
DA:23,7
DA:24,7
DA:25,1
DA:26,7
DA:27,7
DA:28,1
LF:28
LH:28
BRDA:15,0,0,7
BRDA:18,1,0,2
BRDA:20,2,0,5
BRDA:21,3,0,2
BRDA:23,4,0,3
BRDA:24,5,0,1
BRF:6
BRH:6
end_of_record
TN:
SF:src/isHexDarkColour.ts
FN:10,isHexDarkColour
FNF:1
FNH:1
FNDA:8,isHexDarkColour
DA:1,1
DA:2,1
DA:3,1
DA:4,1
DA:5,1
DA:6,1
DA:7,1
DA:8,1
DA:9,1
DA:10,1
DA:11,8
DA:12,8
DA:13,8
DA:14,8
DA:15,8
DA:16,8
DA:17,1
DA:18,1
DA:19,1
LF:19
LH:19
BRDA:10,0,0,8
BRF:1
BRH:1
end_of_record
TN:
SF:src/pickHexColourContrast.ts
FN:10,o
FN:17,pickHexColourContrast
FNF:2
FNH:2
FNDA:6,o
FNDA:3,pickHexColourContrast
DA:1,1
DA:2,1
DA:3,1
DA:4,1
DA:5,1
DA:6,1
DA:7,1
DA:8,1
DA:9,1
DA:10,1
DA:11,6
DA:12,3
DA:13,3
DA:14,1
DA:15,1
DA:16,1
DA:17,1
DA:18,3
DA:19,3
DA:20,3
DA:21,3
DA:22,3
DA:23,3
DA:24,3
DA:25,3
DA:26,3
DA:27,3
DA:28,3
DA:29,3
DA:30,2
DA:31,3
DA:32,1
DA:33,1
LF:33
LH:33
BRDA:10,0,0,6
BRDA:11,1,0,3
BRDA:17,2,0,3
BRDA:28,3,0,1
BRDA:29,4,0,2
BRF:5
BRH:5
end_of_record
TN:
SF:src/util/index.ts
FN:8,hue_d
FN:25,deltaHue_d
FN:46,meanHue_d
FN:67,toRadians
FN:73,bigSquare
FN:81,linearRGB
FN:99,constrainLab
FN:120,clamp
FNF:8
FNH:8
FNDA:13,hue_d
FNDA:9,deltaHue_d
FNDA:9,meanHue_d
FNDA:31,toRadians
FNDA:11,bigSquare
FNDA:81,linearRGB
FNDA:9,constrainLab
FNDA:31,clamp
DA:1,1
DA:2,1
DA:3,1
DA:4,1
DA:5,1
DA:6,1
DA:7,1
DA:8,1
DA:9,13
DA:10,13
DA:11,13
DA:12,13
DA:13,13
DA:14,13
DA:15,13
DA:16,11
DA:17,5
DA:18,13
DA:19,1
DA:20,1
DA:21,1
DA:22,1
DA:23,1
DA:24,1
DA:25,1
DA:26,9
DA:27,9
DA:28,8
DA:29,8
DA:30,8
DA:31,2
DA:32,2
DA:33,1
DA:34,1
DA:35,1
DA:36,1
DA:37,0
DA:38,0
DA:39,9
DA:40,1
DA:41,1
DA:42,1
DA:43,1
DA:44,1
DA:45,1
DA:46,1
DA:47,9
DA:48,9
DA:49,8
DA:50,8
DA:51,8
DA:52,2
DA:53,2
DA:54,1
DA:55,1
DA:56,1
DA:57,1
DA:58,0
DA:59,0
DA:60,9
DA:61,1
DA:62,1
DA:63,1
DA:64,1
DA:65,1
DA:66,1
DA:67,1
DA:68,1
DA:69,1
DA:70,1
DA:71,1
DA:72,1
DA:73,1
DA:74,1
DA:75,1
DA:76,1
DA:77,1
DA:78,1
DA:79,1
DA:80,1
DA:81,1
DA:82,81
DA:83,81
DA:84,65
DA:85,65
DA:86,65
DA:87,81
DA:88,16
DA:89,81
DA:90,1
DA:91,1
DA:92,1
DA:93,1
DA:94,1
DA:95,1
DA:96,1
DA:97,1
DA:98,1
DA:99,1
DA:100,9
DA:101,9
DA:102,8
DA:103,8
DA:104,8
DA:105,9
DA:106,1
DA:107,9
DA:108,1
DA:109,1
DA:110,1
DA:111,1
DA:112,1
DA:113,1
DA:114,1
DA:115,1
DA:116,1
DA:117,1
DA:118,1
DA:119,1
DA:120,1
DA:121,1
DA:122,1
LF:122
LH:118
BRDA:8,0,0,13
BRDA:10,1,0,3
BRDA:11,2,0,1
BRDA:14,3,0,12
BRDA:15,4,0,11
BRDA:15,5,0,7
BRDA:16,6,0,5
BRDA:25,7,0,9
BRDA:26,8,0,1
BRDA:27,9,0,8
BRDA:29,10,0,6
BRDA:30,11,0,2
BRDA:32,12,0,1
BRDA:36,13,0,0
BRDA:46,14,0,9
BRDA:47,15,0,1
BRDA:48,16,0,8
BRDA:50,17,0,6
BRDA:51,18,0,2
BRDA:53,19,0,1
BRDA:57,20,0,0
BRDA:67,21,0,31
BRDA:73,22,0,11
BRDA:81,23,0,81
BRDA:83,24,0,63
BRDA:83,25,0,18
BRDA:83,26,0,65
BRDA:87,27,0,16
BRDA:99,28,0,9
BRDA:101,29,0,8
BRDA:105,30,0,1
BRDA:120,31,0,31
BRF:32
BRH:30
end_of_record
TN:
SF:src/util/namedCSSColours.ts
FNF:0
FNH:0
DA:1,1
DA:2,1
DA:3,1
DA:4,1
DA:5,1
DA:6,1
DA:7,1
DA:8,1
DA:9,1
DA:10,1
DA:11,1
DA:12,1
DA:13,1
DA:14,1
DA:15,1
DA:16,1
DA:17,1
DA:18,1
DA:19,1
DA:20,1
DA:21,1
DA:22,1
DA:23,1
DA:24,1
DA:25,1
DA:26,1
DA:27,1
DA:28,1
DA:29,1
DA:30,1
DA:31,1
DA:32,1
DA:33,1
DA:34,1
DA:35,1
DA:36,1
DA:37,1
DA:38,1
DA:39,1
DA:40,1
DA:41,1
DA:42,1
DA:43,1
DA:44,1
DA:45,1
DA:46,1
DA:47,1
DA:48,1
DA:49,1
DA:50,1
DA:51,1
DA:52,1
DA:53,1
DA:54,1
DA:55,1
DA:56,1
DA:57,1
DA:58,1
DA:59,1
DA:60,1
DA:61,1
DA:62,1
DA:63,1
DA:64,1
DA:65,1
DA:66,1
DA:67,1
DA:68,1
DA:69,1
DA:70,1
DA:71,1
DA:72,1
DA:73,1
DA:74,1
DA:75,1
DA:76,1
DA:77,1
DA:78,1
DA:79,1
DA:80,1
DA:81,1
DA:82,1
DA:83,1
DA:84,1
DA:85,1
DA:86,1
DA:87,1
DA:88,1
DA:89,1
DA:90,1
DA:91,1
DA:92,1
DA:93,1
DA:94,1
DA:95,1
DA:96,1
DA:97,1
DA:98,1
DA:99,1
DA:100,1
DA:101,1
DA:102,1
DA:103,1
DA:104,1
DA:105,1
DA:106,1
DA:107,1
DA:108,1
DA:109,1
DA:110,1
DA:111,1
DA:112,1
DA:113,1
DA:114,1
DA:115,1
DA:116,1
DA:117,1
DA:118,1
DA:119,1
DA:120,1
DA:121,1
DA:122,1
DA:123,1
DA:124,1
DA:125,1
DA:126,1
DA:127,1
DA:128,1
DA:129,1
DA:130,1
DA:131,1
DA:132,1
DA:133,1
DA:134,1
DA:135,1
DA:136,1
DA:137,1
DA:138,1
DA:139,1
LF:139
LH:139
BRF:0
BRH:0
end_of_record
TN:
SF:src/util/regexers.ts
FNF:0
FNH:0
DA:1,1
DA:2,1
DA:3,1
DA:4,1
DA:5,1
DA:6,1
DA:7,1
DA:8,1
DA:9,1
DA:10,1
LF:10
LH:10
BRF:0
BRH:0
end_of_record
